03-04 09:12:02 com_github_MitjaNemec_Archive3DModels.action_archive_3d_models 220:Plugin executed on: 'win32'
03-04 09:12:02 com_github_MitjaNemec_Archive3DModels.action_archive_3d_models 221:Plugin executed with python version: '3.9.16 (main, Oct 13 2023, 05:50:11) [MSC v.1936 64 bit (AMD64)]'
03-04 09:12:02 com_github_MitjaNemec_Archive3DModels.action_archive_3d_models 222:KiCad build version: 7.0.10
03-04 09:12:02 com_github_MitjaNemec_Archive3DModels.action_archive_3d_models 223:Plugin version: 1.0.10

03-04 09:12:02 com_github_MitjaNemec_Archive3DModels.action_archive_3d_models 228:Screen sizes: [wx.Size(1920, 1080), wx.Size(1920, 1080)]
03-04 09:12:02 com_github_MitjaNemec_Archive3DModels.action_archive_3d_models 235:Dialog size: wx.Size(213, 81)
03-04 09:12:02 com_github_MitjaNemec_Archive3DModels.action_archive_3d_models 237:Char size: 15
03-04 09:12:04 com_github_MitjaNemec_Archive3DModels.archive_3d_models 24:Starting to archive 3D models
03-04 09:12:04 com_github_MitjaNemec_Archive3DModels.archive_3d_models 45:Getting 3D models for footprint of: Rlim1
03-04 09:12:04 com_github_MitjaNemec_Archive3DModels.archive_3d_models 56:Trying to copy: ${DEFAULT}/Resistor_SMD.3dshapes/R_0603_1608Metric.step
03-04 09:12:04 com_github_MitjaNemec_Archive3DModels.archive_3d_models 136:Remapping: ${DEFAULT}/Resistor_SMD.3dshapes/R_0603_1608Metric.step
03-04 09:12:04 com_github_MitjaNemec_Archive3DModels.archive_3d_models 45:Getting 3D models for footprint of: D1
03-04 09:12:04 com_github_MitjaNemec_Archive3DModels.archive_3d_models 56:Trying to copy: C:/Users/Josh/Documents/SamacSys_PCB_Library/KiCad/SamacSys_Parts.3dshapes/VSMB2020X01.stp
03-04 09:12:04 com_github_MitjaNemec_Archive3DModels.archive_3d_models 136:Remapping: C:/Users/Josh/Documents/SamacSys_PCB_Library/KiCad/SamacSys_Parts.3dshapes/VSMB2020X01.stp
03-04 09:12:04 com_github_MitjaNemec_Archive3DModels.archive_3d_models 45:Getting 3D models for footprint of: J1
03-04 09:12:04 com_github_MitjaNemec_Archive3DModels.archive_3d_models 56:Trying to copy: ${DEFAULT}/Connector_PinHeader_2.54mm.3dshapes/PinHeader_1x03_P2.54mm_Horizontal.step
03-04 09:12:04 com_github_MitjaNemec_Archive3DModels.archive_3d_models 136:Remapping: ${DEFAULT}/Connector_PinHeader_2.54mm.3dshapes/PinHeader_1x03_P2.54mm_Horizontal.step
03-04 09:12:04 com_github_MitjaNemec_Archive3DModels.archive_3d_models 45:Getting 3D models for footprint of: RPU1
03-04 09:12:04 com_github_MitjaNemec_Archive3DModels.archive_3d_models 56:Trying to copy: ${DEFAULT}/Resistor_SMD.3dshapes/R_0603_1608Metric.step
03-04 09:12:04 com_github_MitjaNemec_Archive3DModels.archive_3d_models 136:Remapping: ${DEFAULT}/Resistor_SMD.3dshapes/R_0603_1608Metric.step
03-04 09:12:04 com_github_MitjaNemec_Archive3DModels.archive_3d_models 45:Getting 3D models for footprint of: Q1
03-04 09:12:04 com_github_MitjaNemec_Archive3DModels.archive_3d_models 56:Trying to copy: ${DEFAULT}/Package_TO_SOT_SMD.3dshapes/SOT-23.step
03-04 09:12:04 com_github_MitjaNemec_Archive3DModels.archive_3d_models 136:Remapping: ${DEFAULT}/Package_TO_SOT_SMD.3dshapes/SOT-23.step
03-04 09:12:04 com_github_MitjaNemec_Archive3DModels.archive_3d_models 45:Getting 3D models for footprint of: kibuzzard-6377ADF0
03-04 09:12:04 com_github_MitjaNemec_Archive3DModels.archive_3d_models 45:Getting 3D models for footprint of: kibuzzard-6377ADC5
03-04 09:12:04 com_github_MitjaNemec_Archive3DModels.archive_3d_models 45:Getting 3D models for footprint of: D2
03-04 09:12:04 com_github_MitjaNemec_Archive3DModels.archive_3d_models 56:Trying to copy: ${KICAD6_3DMODEL_DIR}/Diode_SMD.3dshapes/D_SOD-123.wrl
03-04 09:12:04 com_github_MitjaNemec_Archive3DModels.archive_3d_models 136:Remapping: ${KICAD6_3DMODEL_DIR}/Diode_SMD.3dshapes/D_SOD-123.wrl
03-04 09:12:04 com_github_MitjaNemec_Archive3DModels.archive_3d_models 45:Getting 3D models for footprint of: G***
03-04 09:12:04 com_github_MitjaNemec_Archive3DModels.archive_3d_models 45:Getting 3D models for footprint of: REF**
03-04 09:12:04 com_github_MitjaNemec_Archive3DModels.archive_3d_models 45:Getting 3D models for footprint of: kibuzzard-6377B096
03-04 09:12:04 com_github_MitjaNemec_Archive3DModels.archive_3d_models 45:Getting 3D models for footprint of: kibuzzard-6377B0BC
